<?xml version="1.0" encoding="UTF-8"?>
<!-- Generated by org.testng.reporters.JUnitReportReporter -->
<testsuite hostname="DESKTOP-IS89S6L" failures="0" tests="2" name="Day14_05312020.Kayak_Data_Driven_TestNG_Abstract" time="104.188" errors="0" timestamp="2020-06-06T11:07:37 EDT" skipped="0">
  <testcase classname="Day14_05312020.Kayak_Data_Driven_TestNG_Abstract" name="kayakSearch" time="48.091"/>
  <system-out/>
  <testcase classname="Day14_05312020.Kayak_Data_Driven_TestNG_Abstract" name="kayakSearch" time="56.097"/>
  <system-out/>
</testsuite> <!-- Day14_05312020.Kayak_Data_Driven_TestNG_Abstract -->
