<?xml version="1.0" encoding="UTF-8"?>
<!-- Generated by org.testng.reporters.JUnitReportReporter -->
<testsuite hostname="DESKTOP-IS89S6L" failures="0" tests="1" name="Day15_06062020.Yahoo_Page_Object_Search_Result" time="11.531" errors="0" timestamp="2020-06-07T12:17:16 EDT" skipped="0">
  <testcase classname="Day15_06062020.Yahoo_Page_Object_Search_Result" name="Yahoo_Search_Result" time="11.531"/>
  <system-out/>
</testsuite> <!-- Day15_06062020.Yahoo_Page_Object_Search_Result -->
