<?xml version="1.0" encoding="UTF-8"?>
<!-- Generated by org.testng.reporters.JUnitReportReporter -->
<testsuite hostname="DESKTOP-29GKI2D" failures="0" tests="1" name="ActionItems.Kayak_Data_Driven_TestNG" time="119.329" errors="0" timestamp="2020-05-19T09:49:55 EDT" skipped="0">
  <testcase classname="ActionItems.Kayak_Data_Driven_TestNG" name="kayakSearch" time="119.329"/>
  <system-out>
Entering a value on element Search Field Entering a value on element Drop-off Date Entering a value on element Pick-up Date Capturing a text from element Car Info Entering a value on element Search Field Entering a value on element Drop-off Date Entering a value on element Pick-up Date Capturing a text from element Car Info Entering a value on element Search Field Entering a value on element Drop-off Date Entering a value on element Pick-up Date Capturing a text from element Car Info Unable to capture text on element Car Info org.openqa.selenium.TimeoutException: Expected condition failed: waiting for presence of element located by: By.xpath: //*[contains(@class,'bui-panel') or @class='search' or @class='booking-section' or @class='addressGrid'] (tried for 20 second(s) with 500 milliseconds interval)  </system-out>
</testsuite> <!-- ActionItems.Kayak_Data_Driven_TestNG -->
