<?xml version="1.0" encoding="UTF-8"?>
<!-- Generated by org.testng.reporters.JUnitReportReporter -->
<testsuite hostname="DESKTOP-29GKI2D" failures="0" tests="2" name="Day11_05162020.GoogleSearch_TestNG_Suites" time="12.122" errors="0" timestamp="2020-05-17T11:06:40 EDT" skipped="0">
  <testcase classname="Day11_05162020.GoogleSearch_TestNG_Suites" name="searchIngoogle" time="7.977"/>
  <system-out/>
  <testcase classname="Day11_05162020.GoogleSearch_TestNG_Suites" name="captureTheResult" time="4.145"/>
  <system-out/>
</testsuite> <!-- Day11_05162020.GoogleSearch_TestNG_Suites -->
