<?xml version="1.0" encoding="UTF-8"?>
<!-- Generated by org.testng.reporters.JUnitReportReporter -->
<testsuite hostname="DESKTOP-IS89S6L" failures="0" tests="2" name="ActionItems.CodeChallenge_ClickCheckboxes" time="21.591" errors="0" timestamp="2020-06-05T14:47:22 EDT" skipped="0">
  <testcase classname="ActionItems.CodeChallenge_ClickCheckboxes" name="Click_On_Checkboxes" time="9.810"/>
  <system-out/>
  <testcase classname="ActionItems.CodeChallenge_ClickCheckboxes" name="Yahoo_Wiki_Page_Verification" time="11.781"/>
  <system-out/>
</testsuite> <!-- ActionItems.CodeChallenge_ClickCheckboxes -->
