<?xml version="1.0" encoding="UTF-8"?>
<!-- Generated by org.testng.reporters.JUnitReportReporter -->
<testsuite hostname="DESKTOP-29GKI2D" failures="0" tests="1" name="Day14_05312020.Kayak_Data_Driven_TestNG_Logger" time="35.666" errors="0" timestamp="2020-05-31T10:46:51 EDT" skipped="0">
  <testcase classname="Day14_05312020.Kayak_Data_Driven_TestNG_Logger" name="kayakSearch" time="35.666"/>
  <system-out/>
</testsuite> <!-- Day14_05312020.Kayak_Data_Driven_TestNG_Logger -->
