<?xml version="1.0" encoding="UTF-8"?>
<!-- Generated by org.testng.reporters.JUnitReportReporter -->
<testsuite hostname="DESKTOP-29GKI2D" failures="0" tests="1" name="Day11_05162020.GoogleSearch_TestNG" time="13.003" errors="0" timestamp="2020-05-17T12:44:53 EDT" skipped="0">
  <testcase classname="Day11_05162020.GoogleSearch_TestNG" name="googleSearch" time="13.003"/>
  <system-out>
Entering a value on element Search Field Submitting a value on element Google Search Button Capturing a text from element Search Results My search number for car is 1,520,000,000 Entering a value on element Search Field Submitting a value on element Google Search Button Capturing a text from element Search Results My search number for car is 473,000,000  </system-out>
</testsuite> <!-- Day11_05162020.GoogleSearch_TestNG -->
