<?xml version="1.0" encoding="UTF-8"?>
<!-- Generated by org.testng.reporters.JUnitReportReporter -->
<testsuite hostname="DESKTOP-29GKI2D" failures="0" tests="1" name="ActionItems.Kayak_Data_Driven_Monisha" time="94.679" errors="0" timestamp="2020-05-22T21:37:12 EDT" skipped="0">
  <testcase classname="ActionItems.Kayak_Data_Driven_Monisha" name="Kayak_search" time="94.679"/>
  <system-out>
Entering a value on element Airport name Entering a value on element End Date Input Entering a value on element Start Date Input Capturing a text from element vehicleInfo Entering a value on element Airport name Entering a value on element End Date Input Entering a value on element Start Date Input Capturing a text from element vehicleInfo Entering a value on element Airport name Entering a value on element End Date Input Entering a value on element Start Date Input Capturing a text from element vehicleInfo  </system-out>
</testsuite> <!-- ActionItems.Kayak_Data_Driven_Monisha -->
